
**** Build of configuration Debug for project Dio_MT ****

"C:\\ti\\ccs1240\\ccs\\utils\\bin\\gmake" -k -j 12 all -O 
 
Building file: "../main.c"
Invoking: Arm Compiler
"C:/ti/ccs1240/ccs/tools/compiler/ti-cgt-arm_20.2.7.LTS/bin/armcl" -mv7M4 --code_state=16 --float_support=FPv4SPD16 -me --include_path="D:/MT/My Courses/Advanced_Embedded_Diploma/ARM_Microcontrollers/Exercises/CCS/AUTOSAR_Dio_WS/Dio_MT" --include_path="C:/ti/ccs1240/ccs/tools/compiler/ti-cgt-arm_20.2.7.LTS/include" --define=ccs="ccs" --define=PART_TM4C123GH6PM -g --gcc --diag_warning=225 --diag_wrap=off --display_error_number --abi=eabi --preproc_with_compile --preproc_dependency="main.d_raw"  "../main.c"
 
>> Compilation failure
subdir_rules.mk:9: recipe for target 'main.obj' failed
"../main.c", line 184: error #20: identifier "SYSCTL_REGCGC2_REG" is undefined
1 error detected in the compilation of "../main.c".
gmake: *** [main.obj] Error 1
Building file: "../Dio_PBcfg.c"
Invoking: Arm Compiler
"C:/ti/ccs1240/ccs/tools/compiler/ti-cgt-arm_20.2.7.LTS/bin/armcl" -mv7M4 --code_state=16 --float_support=FPv4SPD16 -me --include_path="D:/MT/My Courses/Advanced_Embedded_Diploma/ARM_Microcontrollers/Exercises/CCS/AUTOSAR_Dio_WS/Dio_MT" --include_path="C:/ti/ccs1240/ccs/tools/compiler/ti-cgt-arm_20.2.7.LTS/include" --define=ccs="ccs" --define=PART_TM4C123GH6PM -g --gcc --diag_warning=225 --diag_wrap=off --display_error_number --abi=eabi --preproc_with_compile --preproc_dependency="Dio_PBcfg.d_raw"  "../Dio_PBcfg.c"
"../Dio_PBcfg.c", line 48: warning #1-D: last line of file ends without a newline
Finished building: "../Dio_PBcfg.c"
 
Building file: "../Det.c"
Invoking: Arm Compiler
"C:/ti/ccs1240/ccs/tools/compiler/ti-cgt-arm_20.2.7.LTS/bin/armcl" -mv7M4 --code_state=16 --float_support=FPv4SPD16 -me --include_path="D:/MT/My Courses/Advanced_Embedded_Diploma/ARM_Microcontrollers/Exercises/CCS/AUTOSAR_Dio_WS/Dio_MT" --include_path="C:/ti/ccs1240/ccs/tools/compiler/ti-cgt-arm_20.2.7.LTS/include" --define=ccs="ccs" --define=PART_TM4C123GH6PM -g --gcc --diag_warning=225 --diag_wrap=off --display_error_number --abi=eabi --preproc_with_compile --preproc_dependency="Det.d_raw"  "../Det.c"
Finished building: "../Det.c"
 
Building file: "../Dio.c"
Invoking: Arm Compiler
"C:/ti/ccs1240/ccs/tools/compiler/ti-cgt-arm_20.2.7.LTS/bin/armcl" -mv7M4 --code_state=16 --float_support=FPv4SPD16 -me --include_path="D:/MT/My Courses/Advanced_Embedded_Diploma/ARM_Microcontrollers/Exercises/CCS/AUTOSAR_Dio_WS/Dio_MT" --include_path="C:/ti/ccs1240/ccs/tools/compiler/ti-cgt-arm_20.2.7.LTS/include" --define=ccs="ccs" --define=PART_TM4C123GH6PM -g --gcc --diag_warning=225 --diag_wrap=off --display_error_number --abi=eabi --preproc_with_compile --preproc_dependency="Dio.d_raw"  "../Dio.c"
Finished building: "../Dio.c"
 
Building file: "../tm4c123gh6pm_startup_ccs.c"
Invoking: Arm Compiler
"C:/ti/ccs1240/ccs/tools/compiler/ti-cgt-arm_20.2.7.LTS/bin/armcl" -mv7M4 --code_state=16 --float_support=FPv4SPD16 -me --include_path="D:/MT/My Courses/Advanced_Embedded_Diploma/ARM_Microcontrollers/Exercises/CCS/AUTOSAR_Dio_WS/Dio_MT" --include_path="C:/ti/ccs1240/ccs/tools/compiler/ti-cgt-arm_20.2.7.LTS/include" --define=ccs="ccs" --define=PART_TM4C123GH6PM -g --gcc --diag_warning=225 --diag_wrap=off --display_error_number --abi=eabi --preproc_with_compile --preproc_dependency="tm4c123gh6pm_startup_ccs.d_raw"  "../tm4c123gh6pm_startup_ccs.c"
Finished building: "../tm4c123gh6pm_startup_ccs.c"
 
gmake: Target 'all' not remade because of errors.

**** Build Finished ****

**** Build of configuration Debug for project Dio_MT ****

"C:\\ti\\ccs1240\\ccs\\utils\\bin\\gmake" -k -j 12 all -O 
 
Building file: "../main.c"
Invoking: Arm Compiler
"C:/ti/ccs1240/ccs/tools/compiler/ti-cgt-arm_20.2.7.LTS/bin/armcl" -mv7M4 --code_state=16 --float_support=FPv4SPD16 -me --include_path="D:/MT/My Courses/Advanced_Embedded_Diploma/ARM_Microcontrollers/Exercises/CCS/AUTOSAR_Dio_WS/Dio_MT" --include_path="C:/ti/ccs1240/ccs/tools/compiler/ti-cgt-arm_20.2.7.LTS/include" --define=ccs="ccs" --define=PART_TM4C123GH6PM -g --gcc --diag_warning=225 --diag_wrap=off --display_error_number --abi=eabi --preproc_with_compile --preproc_dependency="main.d_raw"  "../main.c"
Finished building: "../main.c"
 
Building target: "Dio_MT.out"
Invoking: Arm Linker
"C:/ti/ccs1240/ccs/tools/compiler/ti-cgt-arm_20.2.7.LTS/bin/armcl" -mv7M4 --code_state=16 --float_support=FPv4SPD16 -me --define=ccs="ccs" --define=PART_TM4C123GH6PM -g --gcc --diag_warning=225 --diag_wrap=off --display_error_number --abi=eabi -z -m"Dio_MT.map" --heap_size=0 --stack_size=512 -i"C:/ti/ccs1240/ccs/tools/compiler/ti-cgt-arm_20.2.7.LTS/lib" -i"C:/ti/ccs1240/ccs/tools/compiler/ti-cgt-arm_20.2.7.LTS/include" --reread_libs --diag_wrap=off --display_error_number --warn_sections --xml_link_info="Dio_MT_linkInfo.xml" --rom_model -o "Dio_MT.out" "./Det.obj" "./Dio.obj" "./Dio_PBcfg.obj" "./main.obj" "./tm4c123gh6pm_startup_ccs.obj" "../tm4c123gh6pm.cmd"  -llibc.a 
<Linking>
Finished building target: "Dio_MT.out"
 

**** Build Finished ****

**** Build of configuration Debug for project Dio_MT ****

"C:\\ti\\ccs1240\\ccs\\utils\\bin\\gmake" -k -j 12 all -O 
 
Building file: "../main.c"
Invoking: Arm Compiler
"C:/ti/ccs1240/ccs/tools/compiler/ti-cgt-arm_20.2.7.LTS/bin/armcl" -mv7M4 --code_state=16 --float_support=FPv4SPD16 -me --include_path="D:/MT/My Courses/Advanced_Embedded_Diploma/ARM_Microcontrollers/Exercises/CCS/AUTOSAR_Dio_WS/Dio_MT" --include_path="C:/ti/ccs1240/ccs/tools/compiler/ti-cgt-arm_20.2.7.LTS/include" --define=ccs="ccs" --define=PART_TM4C123GH6PM -g --gcc --diag_warning=225 --diag_wrap=off --display_error_number --abi=eabi --preproc_with_compile --preproc_dependency="main.d_raw"  "../main.c"
Finished building: "../main.c"
 
Building target: "Dio_MT.out"
Invoking: Arm Linker
"C:/ti/ccs1240/ccs/tools/compiler/ti-cgt-arm_20.2.7.LTS/bin/armcl" -mv7M4 --code_state=16 --float_support=FPv4SPD16 -me --define=ccs="ccs" --define=PART_TM4C123GH6PM -g --gcc --diag_warning=225 --diag_wrap=off --display_error_number --abi=eabi -z -m"Dio_MT.map" --heap_size=0 --stack_size=512 -i"C:/ti/ccs1240/ccs/tools/compiler/ti-cgt-arm_20.2.7.LTS/lib" -i"C:/ti/ccs1240/ccs/tools/compiler/ti-cgt-arm_20.2.7.LTS/include" --reread_libs --diag_wrap=off --display_error_number --warn_sections --xml_link_info="Dio_MT_linkInfo.xml" --rom_model -o "Dio_MT.out" "./Det.obj" "./Dio.obj" "./Dio_PBcfg.obj" "./main.obj" "./tm4c123gh6pm_startup_ccs.obj" "../tm4c123gh6pm.cmd"  -llibc.a 
<Linking>
Finished building target: "Dio_MT.out"
 

**** Build Finished ****

**** Build of configuration Debug for project Dio_MT ****

"C:\\ti\\ccs1240\\ccs\\utils\\bin\\gmake" -k -j 12 all -O 
 
gmake[1]: 'Dio_MT.out' is up to date.

**** Build Finished ****

**** Build of configuration Debug for project Dio_MT ****

"C:\\ti\\ccs1240\\ccs\\utils\\bin\\gmake" -k -j 12 all -O 
 
Building file: "../Det.c"
Invoking: Arm Compiler
"C:/ti/ccs1240/ccs/tools/compiler/ti-cgt-arm_20.2.7.LTS/bin/armcl" -mv7M4 --code_state=16 --float_support=FPv4SPD16 -me --include_path="D:/MT/My Courses/Advanced_Embedded_Diploma/ARM_Microcontrollers/Exercises/CCS/AUTOSAR_Dio_WS/Dio_MT" --include_path="C:/ti/ccs1240/ccs/tools/compiler/ti-cgt-arm_20.2.7.LTS/include" --define=ccs="ccs" --define=PART_TM4C123GH6PM -g --gcc --diag_warning=225 --diag_wrap=off --display_error_number --abi=eabi --preproc_with_compile --preproc_dependency="Det.d_raw"  "../Det.c"
Finished building: "../Det.c"
 
Building file: "../Dio_PBcfg.c"
Invoking: Arm Compiler
"C:/ti/ccs1240/ccs/tools/compiler/ti-cgt-arm_20.2.7.LTS/bin/armcl" -mv7M4 --code_state=16 --float_support=FPv4SPD16 -me --include_path="D:/MT/My Courses/Advanced_Embedded_Diploma/ARM_Microcontrollers/Exercises/CCS/AUTOSAR_Dio_WS/Dio_MT" --include_path="C:/ti/ccs1240/ccs/tools/compiler/ti-cgt-arm_20.2.7.LTS/include" --define=ccs="ccs" --define=PART_TM4C123GH6PM -g --gcc --diag_warning=225 --diag_wrap=off --display_error_number --abi=eabi --preproc_with_compile --preproc_dependency="Dio_PBcfg.d_raw"  "../Dio_PBcfg.c"
Finished building: "../Dio_PBcfg.c"
 
Building file: "../Dio.c"
Invoking: Arm Compiler
"C:/ti/ccs1240/ccs/tools/compiler/ti-cgt-arm_20.2.7.LTS/bin/armcl" -mv7M4 --code_state=16 --float_support=FPv4SPD16 -me --include_path="D:/MT/My Courses/Advanced_Embedded_Diploma/ARM_Microcontrollers/Exercises/CCS/AUTOSAR_Dio_WS/Dio_MT" --include_path="C:/ti/ccs1240/ccs/tools/compiler/ti-cgt-arm_20.2.7.LTS/include" --define=ccs="ccs" --define=PART_TM4C123GH6PM -g --gcc --diag_warning=225 --diag_wrap=off --display_error_number --abi=eabi --preproc_with_compile --preproc_dependency="Dio.d_raw"  "../Dio.c"
Finished building: "../Dio.c"
 
Building file: "../main.c"
Invoking: Arm Compiler
"C:/ti/ccs1240/ccs/tools/compiler/ti-cgt-arm_20.2.7.LTS/bin/armcl" -mv7M4 --code_state=16 --float_support=FPv4SPD16 -me --include_path="D:/MT/My Courses/Advanced_Embedded_Diploma/ARM_Microcontrollers/Exercises/CCS/AUTOSAR_Dio_WS/Dio_MT" --include_path="C:/ti/ccs1240/ccs/tools/compiler/ti-cgt-arm_20.2.7.LTS/include" --define=ccs="ccs" --define=PART_TM4C123GH6PM -g --gcc --diag_warning=225 --diag_wrap=off --display_error_number --abi=eabi --preproc_with_compile --preproc_dependency="main.d_raw"  "../main.c"
Finished building: "../main.c"
 
Building target: "Dio_MT.out"
Invoking: Arm Linker
"C:/ti/ccs1240/ccs/tools/compiler/ti-cgt-arm_20.2.7.LTS/bin/armcl" -mv7M4 --code_state=16 --float_support=FPv4SPD16 -me --define=ccs="ccs" --define=PART_TM4C123GH6PM -g --gcc --diag_warning=225 --diag_wrap=off --display_error_number --abi=eabi -z -m"Dio_MT.map" --heap_size=0 --stack_size=512 -i"C:/ti/ccs1240/ccs/tools/compiler/ti-cgt-arm_20.2.7.LTS/lib" -i"C:/ti/ccs1240/ccs/tools/compiler/ti-cgt-arm_20.2.7.LTS/include" --reread_libs --diag_wrap=off --display_error_number --warn_sections --xml_link_info="Dio_MT_linkInfo.xml" --rom_model -o "Dio_MT.out" "./Det.obj" "./Dio.obj" "./Dio_PBcfg.obj" "./main.obj" "./tm4c123gh6pm_startup_ccs.obj" "../tm4c123gh6pm.cmd"  -llibc.a 
<Linking>
Finished building target: "Dio_MT.out"
 

**** Build Finished ****

**** Build of configuration Debug for project Dio_MT ****

"C:\\ti\\ccs1240\\ccs\\utils\\bin\\gmake" -k -j 12 all -O 
 
Building file: "../Dio.c"
Invoking: Arm Compiler
"C:/ti/ccs1240/ccs/tools/compiler/ti-cgt-arm_20.2.7.LTS/bin/armcl" -mv7M4 --code_state=16 --float_support=FPv4SPD16 -me --include_path="D:/MT/My Courses/Advanced_Embedded_Diploma/ARM_Microcontrollers/Exercises/CCS/AUTOSAR_Dio_WS/Dio_MT" --include_path="C:/ti/ccs1240/ccs/tools/compiler/ti-cgt-arm_20.2.7.LTS/include" --define=ccs="ccs" --define=PART_TM4C123GH6PM -g --gcc --diag_warning=225 --diag_wrap=off --display_error_number --abi=eabi --preproc_with_compile --preproc_dependency="Dio.d_raw"  "../Dio.c"
Finished building: "../Dio.c"
 
Building target: "Dio_MT.out"
Invoking: Arm Linker
"C:/ti/ccs1240/ccs/tools/compiler/ti-cgt-arm_20.2.7.LTS/bin/armcl" -mv7M4 --code_state=16 --float_support=FPv4SPD16 -me --define=ccs="ccs" --define=PART_TM4C123GH6PM -g --gcc --diag_warning=225 --diag_wrap=off --display_error_number --abi=eabi -z -m"Dio_MT.map" --heap_size=0 --stack_size=512 -i"C:/ti/ccs1240/ccs/tools/compiler/ti-cgt-arm_20.2.7.LTS/lib" -i"C:/ti/ccs1240/ccs/tools/compiler/ti-cgt-arm_20.2.7.LTS/include" --reread_libs --diag_wrap=off --display_error_number --warn_sections --xml_link_info="Dio_MT_linkInfo.xml" --rom_model -o "Dio_MT.out" "./Det.obj" "./Dio.obj" "./Dio_PBcfg.obj" "./main.obj" "./tm4c123gh6pm_startup_ccs.obj" "../tm4c123gh6pm.cmd"  -llibc.a 
<Linking>
Finished building target: "Dio_MT.out"
 

**** Build Finished ****

**** Build of configuration Debug for project Dio_MT ****

"C:\\ti\\ccs1240\\ccs\\utils\\bin\\gmake" -k -j 12 all -O 
 
gmake[1]: 'Dio_MT.out' is up to date.

**** Build Finished ****

**** Build of configuration Debug for project Dio_MT ****

"C:\\ti\\ccs1240\\ccs\\utils\\bin\\gmake" -k -j 12 all -O 
 
gmake[1]: 'Dio_MT.out' is up to date.

**** Build Finished ****

**** Build of configuration Debug for project Dio_MT ****

"C:\\ti\\ccs1240\\ccs\\utils\\bin\\gmake" -k -j 12 all -O 
 
gmake[1]: 'Dio_MT.out' is up to date.

**** Build Finished ****

**** Build of configuration Debug for project Dio_MT ****

"C:\\ti\\ccs1240\\ccs\\utils\\bin\\gmake" -k -j 12 all -O 
 
Building file: "../Dio.c"
Invoking: Arm Compiler
"C:/ti/ccs1240/ccs/tools/compiler/ti-cgt-arm_20.2.7.LTS/bin/armcl" -mv7M4 --code_state=16 --float_support=FPv4SPD16 -me --include_path="D:/MT/My Courses/Advanced_Embedded_Diploma/ARM_Microcontrollers/Exercises/CCS/AUTOSAR_Dio_WS/Dio_MT" --include_path="C:/ti/ccs1240/ccs/tools/compiler/ti-cgt-arm_20.2.7.LTS/include" --define=ccs="ccs" --define=PART_TM4C123GH6PM -g --gcc --diag_warning=225 --diag_wrap=off --display_error_number --abi=eabi --preproc_with_compile --preproc_dependency="Dio.d_raw"  "../Dio.c"
Finished building: "../Dio.c"
 
Building target: "Dio_MT.out"
Invoking: Arm Linker
"C:/ti/ccs1240/ccs/tools/compiler/ti-cgt-arm_20.2.7.LTS/bin/armcl" -mv7M4 --code_state=16 --float_support=FPv4SPD16 -me --define=ccs="ccs" --define=PART_TM4C123GH6PM -g --gcc --diag_warning=225 --diag_wrap=off --display_error_number --abi=eabi -z -m"Dio_MT.map" --heap_size=0 --stack_size=512 -i"C:/ti/ccs1240/ccs/tools/compiler/ti-cgt-arm_20.2.7.LTS/lib" -i"C:/ti/ccs1240/ccs/tools/compiler/ti-cgt-arm_20.2.7.LTS/include" --reread_libs --diag_wrap=off --display_error_number --warn_sections --xml_link_info="Dio_MT_linkInfo.xml" --rom_model -o "Dio_MT.out" "./Det.obj" "./Dio.obj" "./Dio_PBcfg.obj" "./main.obj" "./tm4c123gh6pm_startup_ccs.obj" "../tm4c123gh6pm.cmd"  -llibc.a 
<Linking>
Finished building target: "Dio_MT.out"
 

**** Build Finished ****

**** Build of configuration Debug for project Dio_MT ****

"C:\\ti\\ccs1240\\ccs\\utils\\bin\\gmake" -k -j 12 all -O 
 
gmake[1]: 'Dio_MT.out' is up to date.

**** Build Finished ****

**** Build of configuration Debug for project Dio_MT ****

"C:\\ti\\ccs1240\\ccs\\utils\\bin\\gmake" -k -j 12 all -O 
 
Building file: "../Dio_PBcfg.c"
Invoking: Arm Compiler
"C:/ti/ccs1240/ccs/tools/compiler/ti-cgt-arm_20.2.7.LTS/bin/armcl" -mv7M4 --code_state=16 --float_support=FPv4SPD16 -me --include_path="D:/MT/My Courses/Advanced_Embedded_Diploma/ARM_Microcontrollers/Exercises/CCS/AUTOSAR_Dio_WS/Dio_MT" --include_path="C:/ti/ccs1240/ccs/tools/compiler/ti-cgt-arm_20.2.7.LTS/include" --define=ccs="ccs" --define=PART_TM4C123GH6PM -g --gcc --diag_warning=225 --diag_wrap=off --display_error_number --abi=eabi --preproc_with_compile --preproc_dependency="Dio_PBcfg.d_raw"  "../Dio_PBcfg.c"
Finished building: "../Dio_PBcfg.c"
 
Building file: "../Det.c"
Invoking: Arm Compiler
"C:/ti/ccs1240/ccs/tools/compiler/ti-cgt-arm_20.2.7.LTS/bin/armcl" -mv7M4 --code_state=16 --float_support=FPv4SPD16 -me --include_path="D:/MT/My Courses/Advanced_Embedded_Diploma/ARM_Microcontrollers/Exercises/CCS/AUTOSAR_Dio_WS/Dio_MT" --include_path="C:/ti/ccs1240/ccs/tools/compiler/ti-cgt-arm_20.2.7.LTS/include" --define=ccs="ccs" --define=PART_TM4C123GH6PM -g --gcc --diag_warning=225 --diag_wrap=off --display_error_number --abi=eabi --preproc_with_compile --preproc_dependency="Det.d_raw"  "../Det.c"
Finished building: "../Det.c"
 
Building file: "../Dio.c"
Invoking: Arm Compiler
"C:/ti/ccs1240/ccs/tools/compiler/ti-cgt-arm_20.2.7.LTS/bin/armcl" -mv7M4 --code_state=16 --float_support=FPv4SPD16 -me --include_path="D:/MT/My Courses/Advanced_Embedded_Diploma/ARM_Microcontrollers/Exercises/CCS/AUTOSAR_Dio_WS/Dio_MT" --include_path="C:/ti/ccs1240/ccs/tools/compiler/ti-cgt-arm_20.2.7.LTS/include" --define=ccs="ccs" --define=PART_TM4C123GH6PM -g --gcc --diag_warning=225 --diag_wrap=off --display_error_number --abi=eabi --preproc_with_compile --preproc_dependency="Dio.d_raw"  "../Dio.c"
Finished building: "../Dio.c"
 
Building file: "../main.c"
Invoking: Arm Compiler
"C:/ti/ccs1240/ccs/tools/compiler/ti-cgt-arm_20.2.7.LTS/bin/armcl" -mv7M4 --code_state=16 --float_support=FPv4SPD16 -me --include_path="D:/MT/My Courses/Advanced_Embedded_Diploma/ARM_Microcontrollers/Exercises/CCS/AUTOSAR_Dio_WS/Dio_MT" --include_path="C:/ti/ccs1240/ccs/tools/compiler/ti-cgt-arm_20.2.7.LTS/include" --define=ccs="ccs" --define=PART_TM4C123GH6PM -g --gcc --diag_warning=225 --diag_wrap=off --display_error_number --abi=eabi --preproc_with_compile --preproc_dependency="main.d_raw"  "../main.c"
Finished building: "../main.c"
 
Building target: "Dio_MT.out"
Invoking: Arm Linker
"C:/ti/ccs1240/ccs/tools/compiler/ti-cgt-arm_20.2.7.LTS/bin/armcl" -mv7M4 --code_state=16 --float_support=FPv4SPD16 -me --define=ccs="ccs" --define=PART_TM4C123GH6PM -g --gcc --diag_warning=225 --diag_wrap=off --display_error_number --abi=eabi -z -m"Dio_MT.map" --heap_size=0 --stack_size=512 -i"C:/ti/ccs1240/ccs/tools/compiler/ti-cgt-arm_20.2.7.LTS/lib" -i"C:/ti/ccs1240/ccs/tools/compiler/ti-cgt-arm_20.2.7.LTS/include" --reread_libs --diag_wrap=off --display_error_number --warn_sections --xml_link_info="Dio_MT_linkInfo.xml" --rom_model -o "Dio_MT.out" "./Det.obj" "./Dio.obj" "./Dio_PBcfg.obj" "./main.obj" "./tm4c123gh6pm_startup_ccs.obj" "../tm4c123gh6pm.cmd"  -llibc.a 
<Linking>
Finished building target: "Dio_MT.out"
 

**** Build Finished ****
